make --dry-run --always-make --keep-going --print-directory
make: Entering directory `/Users/ergrigor/Desktop/push_swap_new'
mkdir -p objs
cc -Wall -Werror -Wextra -g -Iincludes -c src/actions1.c -o objs/actions1.o
cc -Wall -Werror -Wextra -g -Iincludes -c src/actions2.c -o objs/actions2.o
cc -Wall -Werror -Wextra -g -Iincludes -c src/actions3.c -o objs/actions3.o
cc -Wall -Werror -Wextra -g -Iincludes -c src/actions4.c -o objs/actions4.o
cc -Wall -Werror -Wextra -g -Iincludes -c src/ft_lstadd_back.c -o objs/ft_lstadd_back.o
cc -Wall -Werror -Wextra -g -Iincludes -c src/ft_lstadd_front.c -o objs/ft_lstadd_front.o
cc -Wall -Werror -Wextra -g -Iincludes -c src/ft_lstlast.c -o objs/ft_lstlast.o
cc -Wall -Werror -Wextra -g -Iincludes -c src/ft_lstnew.c -o objs/ft_lstnew.o
cc -Wall -Werror -Wextra -g -Iincludes -c src/ft_lstsize.c -o objs/ft_lstsize.o
cc -Wall -Werror -Wextra -g -Iincludes -c src/ft_split.c -o objs/ft_split.o
cc -Wall -Werror -Wextra -g -Iincludes -c src/ft_strncmp.c -o objs/ft_strncmp.o
cc -Wall -Werror -Wextra -g -Iincludes -c src/main.c -o objs/main.o
cc -Wall -Werror -Wextra -g -Iincludes -c src/sorting.c -o objs/sorting.o
cc -Wall -Werror -Wextra -g -Iincludes -c src/utils.c -o objs/utils.o
cc -Wall -Werror -Wextra -g -Iincludes -c src/validation.c -o objs/validation.o
cc -Wall -Werror -Wextra -g -Iincludes -o push_swap  objs/actions1.o  objs/actions2.o  objs/actions3.o  objs/actions4.o  objs/ft_lstadd_back.o  objs/ft_lstadd_front.o  objs/ft_lstlast.o  objs/ft_lstnew.o  objs/ft_lstsize.o  objs/ft_split.o  objs/ft_strncmp.o  objs/main.o  objs/sorting.o  objs/utils.o  objs/validation.o 
make: Leaving directory `/Users/ergrigor/Desktop/push_swap_new'
 
