make all --print-data-base --no-builtin-variables --no-builtin-rules --question
# GNU Make 3.81
# Copyright (C) 2006  Free Software Foundation, Inc.
# This is free software; see the source for copying conditions.
# There is NO warranty; not even for MERCHANTABILITY or FITNESS FOR A
# PARTICULAR PURPOSE.

# This program built for i386-apple-darwin11.3.0
 

# Make data base, printed on Fri Aug  5 15:29:20 2022

# Variables

# automatic
<D = $(patsubst %/,%,$(dir $<))
# automatic
?F = $(notdir $?)
# environment
VSCODE_LOG_NATIVE = false
# automatic
?D = $(patsubst %/,%,$(dir $?))
# automatic
@D = $(patsubst %/,%,$(dir $@))
# automatic
@F = $(notdir $@)
# makefile
CURDIR := /Users/ergrigor/Desktop/push_swap
# makefile
SHELL = /bin/sh
# makefile (from `Makefile', line 9)
RM = rm -rf
# environment
VSCODE_NLS_CONFIG = {"locale":"en-us","availableLanguages":{},"_languagePackSupport":true}
# environment
_ = /usr/bin/make
# makefile (from `Makefile', line 1)
MAKEFILE_LIST :=  Makefile
# environment
VSCODE_VERBOSE_LOGGING = true
# makefile (from `Makefile', line 8)
OBJS = $(patsubst $(SRCS_DIR)/%.c, $(OBJS_DIR)/%.o, $(SRCS))
# environment
VSCODE_IPC_HOOK_EXTHOST = /var/folders/zz/zyxvpxvq6csfxvn_n000cg3r0033ry/T/vscode-ipc-b6ae6e90-d224-4bb2-b9dd-4e3b252faff6.sock
# environment
VSCODE_CWD = /
# environment
Apple_PubSub_Socket_Render = /private/tmp/com.apple.launchd.2YiXQlgKyT/Render
# environment
PATH = /usr/local/bin:/usr/bin:/bin:/usr/sbin:/sbin:/usr/local/munki
# environment
LSCOLORS = Gxfxcxdxbxegedabagacad
# makefile (from `Makefile', line 4)
SRCS_DIR = src
# environment
VSCODE_LOG_STACK = false
# environment
ELECTRON_RUN_AS_NODE = 1
# default
.FEATURES := target-specific order-only second-expansion else-if archives jobserver check-symlink
# environment
SSH_AUTH_SOCK = /private/tmp/com.apple.launchd.JEZiuqB4YJ/Listeners
# automatic
%F = $(notdir $%)
# environment
VSCODE_PIPE_LOGGING = true
# environment
PWD = /Users/ergrigor/Desktop/push_swap
# environment
ORIGINAL_XDG_CURRENT_DESKTOP = undefined
# environment
VSCODE_AMD_ENTRYPOINT = vs/workbench/api/node/extensionHostProcess
# environment
HOME = /Users/ergrigor
# default
MAKEFILEPATH := /Applications/Xcode.app/Contents/Developer/Makefiles
# environment
VSCODE_CODE_CACHE_PATH = /Users/ergrigor/Library/Application Support/Code/CachedData/30d9c6cd9483b2cc586687151bcbcd635f373630
# environment
LOGNAME = ergrigor
# environment
APPLICATION_INSIGHTS_NO_DIAGNOSTIC_CHANNEL = 1
# environment
ZSH = /Users/ergrigor/.oh-my-zsh
# environment
VSCODE_HANDLES_UNCAUGHT_ERRORS = true
# automatic
^D = $(patsubst %/,%,$(dir $^))
# makefile (from `Makefile', line 10)
MKDIR = mkdir -p
# environment
XPC_FLAGS = 0x0
# default
MAKE = $(MAKE_COMMAND)
# default
MAKECMDGOALS := all
# makefile (from `Makefile', line 7)
SRCS = $(wildcard $(SRCS_DIR)/*.c)
# environment
SHLVL = 1
# makefile (from `Makefile', line 2)
CC = cc
# default
MAKE_VERSION := 3.81
# environment
USER = ergrigor
# makefile (from `Makefile', line 12)
.DEFAULT_GOAL = all
# makefile (from `Makefile', line 1)
NAME = push_swap
# environment
LESS = -R
# automatic
%D = $(patsubst %/,%,$(dir $%))
# default
MAKE_COMMAND := /Applications/Xcode.app/Contents/Developer/usr/bin/make
# default
.VARIABLES := 
# environment
TMPDIR = /var/folders/zz/zyxvpxvq6csfxvn_n000cg3r0033ry/T/
# automatic
*F = $(notdir $*)
# environment
VSCODE_IPC_HOOK = /Users/ergrigor/Library/Application Support/Code/1.68.1-main.sock
# makefile
MAKEFLAGS = Rrqp
# environment
MFLAGS = -Rrqp
# automatic
*D = $(patsubst %/,%,$(dir $*))
# environment
XPC_SERVICE_NAME = com.microsoft.VSCode.2460
# makefile (from `Makefile', line 3)
OBJS_DIR = objs
# automatic
+D = $(patsubst %/,%,$(dir $+))
# automatic
+F = $(notdir $+)
# environment
__CF_USER_TEXT_ENCODING = 0x18F1E:0x0:0x0
# default
MAKEFILES := 
# automatic
<F = $(notdir $<)
# environment
PAGER = less
# environment
LC_ALL = C
# automatic
^F = $(notdir $^)
# default
SUFFIXES := 
# makefile (from `Makefile', line 5)
FLAGS = -g -Iincludes
# default
.INCLUDE_DIRS = /usr/local/include
# environment
MAKELEVEL := 0
# environment
LANG = C
# environment
VSCODE_PID = 66118
# variable set hash-table stats:
# Load=74/1024=7%, Rehash=0, Collisions=3/110=3%

# Pattern-specific Variable Values

# No pattern-specific variable values.

# Directories

# . (device 16777224, inode 1134296): 11 files, no impossibilities.
# src (device 16777224, inode 1134365): 14 files, no impossibilities.

# 25 files, no impossibilities in 2 directories.

# Implicit Rules

objs/%.o: src/%.c | objs
#  commands to execute (from `Makefile', line 15):
	$(CC) $(FLAGS) -c $< -o $@
	

# 1 implicit rules, 0 (0.0%) terminal.

# Files

# Not a target:
src/ft_lstnew.c:
#  Implicit rule search has been done.
#  Last modified 2022-08-04 23:01:00
#  File has been updated.
#  Successfully updated.
# variable set hash-table stats:
# Load=0/32=0%, Rehash=0, Collisions=0/0=0%

objs/actions2.o: src/actions2.c | objs
#  Implicit rule search has been done.
#  Implicit/static pattern stem: `actions2'
#  Last modified 2022-08-04 23:01:00
#  File has been updated.
#  Successfully updated.
# variable set hash-table stats:
# Load=0/32=0%, Rehash=0, Collisions=0/0=0%
#  commands to execute (from `Makefile', line 15):
	$(CC) $(FLAGS) -c $< -o $@
	

objs/main.o: src/main.c | objs
#  Implicit rule search has been done.
#  Implicit/static pattern stem: `main'
#  Last modified 2022-08-05 15:28:09
#  File has been updated.
#  Successfully updated.
# variable set hash-table stats:
# Load=0/32=0%, Rehash=0, Collisions=0/0=0%
#  commands to execute (from `Makefile', line 15):
	$(CC) $(FLAGS) -c $< -o $@
	

all: push_swap
#  Phony target (prerequisite of .PHONY).
#  Command-line target.
#  Implicit rule search has not been done.
#  File does not exist.
#  File has been updated.
#  Successfully updated.
# variable set hash-table stats:
# Load=0/32=0%, Rehash=0, Collisions=0/0=0%

# Not a target:
src/sorting.c:
#  Implicit rule search has been done.
#  Last modified 2022-08-05 15:23:28
#  File has been updated.
#  Successfully updated.
# variable set hash-table stats:
# Load=0/32=0%, Rehash=0, Collisions=0/0=0%

.PHONY: all clean fclean re bonus push
#  Implicit rule search has not been done.
#  Modification time never checked.
#  File has not been updated.

objs/ft_lstadd_back.o: src/ft_lstadd_back.c | objs
#  Implicit rule search has been done.
#  Implicit/static pattern stem: `ft_lstadd_back'
#  Last modified 2022-08-04 23:01:00
#  File has been updated.
#  Successfully updated.
# variable set hash-table stats:
# Load=0/32=0%, Rehash=0, Collisions=0/0=0%
#  commands to execute (from `Makefile', line 15):
	$(CC) $(FLAGS) -c $< -o $@
	

# Not a target:
src/ft_lstsize.c:
#  Implicit rule search has been done.
#  Last modified 2022-08-04 23:01:00
#  File has been updated.
#  Successfully updated.
# variable set hash-table stats:
# Load=0/32=0%, Rehash=0, Collisions=0/0=0%

# Not a target:
.SUFFIXES:
#  Implicit rule search has not been done.
#  Modification time never checked.
#  File has not been updated.

push:
#  Phony target (prerequisite of .PHONY).
#  Implicit rule search has not been done.
#  File does not exist.
#  File has not been updated.
 
#  commands to execute (from `Makefile', line 36):
	@git add .
	@git commit -m "$m"
	@git push
	

# Not a target:
src/actions1.c:
#  Implicit rule search has been done.
#  Last modified 2022-08-05 15:26:39
#  File has been updated.
#  Successfully updated.
# variable set hash-table stats:
# Load=0/32=0%, Rehash=0, Collisions=0/0=0%

# Not a target:
Makefile:
#  Implicit rule search has been done.
#  Last modified 2022-08-04 23:01:00
#  File has been updated.
#  Successfully updated.
# variable set hash-table stats:
# Load=0/32=0%, Rehash=0, Collisions=0/0=0%

objs/ft_lstlast.o: src/ft_lstlast.c | objs
#  Implicit rule search has been done.
#  Implicit/static pattern stem: `ft_lstlast'
#  Last modified 2022-08-04 23:01:00
#  File has been updated.
#  Successfully updated.
# variable set hash-table stats:
# Load=0/32=0%, Rehash=0, Collisions=0/0=0%
#  commands to execute (from `Makefile', line 15):
	$(CC) $(FLAGS) -c $< -o $@
	

# Not a target:
src/validation.c:
#  Implicit rule search has been done.
#  Last modified 2022-08-04 23:01:00
#  File has been updated.
#  Successfully updated.
# variable set hash-table stats:
# Load=0/32=0%, Rehash=0, Collisions=0/0=0%

# Not a target:
src/ft_lstadd_front.c:
#  Implicit rule search has been done.
#  Last modified 2022-08-04 23:01:00
#  File has been updated.
#  Successfully updated.
# variable set hash-table stats:
# Load=0/32=0%, Rehash=0, Collisions=0/0=0%

objs:
#  Implicit rule search has not been done.
#  Last modified 2022-08-05 15:28:09
#  File has been updated.
#  Successfully updated.
#  commands to execute (from `Makefile', line 18):
	$(MKDIR) $(OBJS_DIR)
	

objs/ft_split.o: src/ft_split.c | objs
#  Implicit rule search has been done.
#  Implicit/static pattern stem: `ft_split'
#  Last modified 2022-08-04 23:01:00
#  File has been updated.
#  Successfully updated.
# variable set hash-table stats:
# Load=0/32=0%, Rehash=0, Collisions=0/0=0%
#  commands to execute (from `Makefile', line 15):
	$(CC) $(FLAGS) -c $< -o $@
	

bonus: all
#  Phony target (prerequisite of .PHONY).
#  Implicit rule search has not been done.
#  File does not exist.
#  File has not been updated.

fclean: clean
#  Phony target (prerequisite of .PHONY).
#  Implicit rule search has not been done.
#  File does not exist.
#  File has not been updated.
#  commands to execute (from `Makefile', line 31):
	$(RM) $(NAME)
	

# Not a target:
src/actions2.c:
#  Implicit rule search has been done.
#  Last modified 2022-08-04 23:01:00
#  File has been updated.
#  Successfully updated.
# variable set hash-table stats:
# Load=0/32=0%, Rehash=0, Collisions=0/0=0%

# Not a target:
src/main.c:
#  Implicit rule search has been done.
#  Last modified 2022-08-05 15:27:55
#  File has been updated.
#  Successfully updated.
# variable set hash-table stats:
# Load=0/32=0%, Rehash=0, Collisions=0/0=0%

objs/utils.o: src/utils.c | objs
#  Implicit rule search has been done.
#  Implicit/static pattern stem: `utils'
#  Last modified 2022-08-04 23:01:00
#  File has been updated.
#  Successfully updated.
# variable set hash-table stats:
# Load=0/32=0%, Rehash=0, Collisions=0/0=0%
#  commands to execute (from `Makefile', line 15):
	$(CC) $(FLAGS) -c $< -o $@
	

# Not a target:
src/ft_lstadd_back.c:
#  Implicit rule search has been done.
#  Last modified 2022-08-04 23:01:00
#  File has been updated.
#  Successfully updated.
# variable set hash-table stats:
# Load=0/32=0%, Rehash=0, Collisions=0/0=0%

# Not a target:
.DEFAULT:
#  Implicit rule search has not been done.
#  Modification time never checked.
#  File has not been updated.

objs/ft_lstnew.o: src/ft_lstnew.c | objs
#  Implicit rule search has been done.
#  Implicit/static pattern stem: `ft_lstnew'
#  Last modified 2022-08-04 23:01:00
#  File has been updated.
#  Successfully updated.
# variable set hash-table stats:
# Load=0/32=0%, Rehash=0, Collisions=0/0=0%
#  commands to execute (from `Makefile', line 15):
	$(CC) $(FLAGS) -c $< -o $@
	

re: fclean all
#  Phony target (prerequisite of .PHONY).
#  Implicit rule search has not been done.
#  File does not exist.
#  File has not been updated.

clean:
#  Phony target (prerequisite of .PHONY).
#  Implicit rule search has not been done.
#  File does not exist.
#  File has not been updated.
#  commands to execute (from `Makefile', line 28):
	$(RM) $(OBJS_DIR)
	

objs/sorting.o: src/sorting.c | objs
#  Implicit rule search has been done.
#  Implicit/static pattern stem: `sorting'
#  Last modified 2022-08-05 15:26:58
#  File has been updated.
#  Successfully updated.
# variable set hash-table stats:
# Load=0/32=0%, Rehash=0, Collisions=0/0=0%
#  commands to execute (from `Makefile', line 15):
	$(CC) $(FLAGS) -c $< -o $@
	
 

push_swap: objs/actions1.o objs/actions2.o objs/ft_lstadd_back.o objs/ft_lstadd_front.o objs/ft_lstlast.o objs/ft_lstnew.o objs/ft_lstsize.o objs/ft_split.o objs/main.o objs/sorting.o objs/utils.o objs/validation.o | objs
#  Implicit rule search has not been done.
#  Last modified 2022-08-05 15:28:09
#  File has been updated.
#  Successfully updated.
# variable set hash-table stats:
# Load=0/32=0%, Rehash=0, Collisions=0/0=0%
#  commands to execute (from `Makefile', line 23):
	$(CC) $(FLAGS) -o $(NAME) $(OBJS) $(LINKERS)
	

# Not a target:
src/ft_lstlast.c:
#  Implicit rule search has been done.
#  Last modified 2022-08-04 23:01:00
#  File has been updated.
#  Successfully updated.
# variable set hash-table stats:
# Load=0/32=0%, Rehash=0, Collisions=0/0=0%

objs/ft_lstsize.o: src/ft_lstsize.c | objs
#  Implicit rule search has been done.
#  Implicit/static pattern stem: `ft_lstsize'
#  Last modified 2022-08-04 23:01:00
#  File has been updated.
#  Successfully updated.
# variable set hash-table stats:
# Load=0/32=0%, Rehash=0, Collisions=0/0=0%
#  commands to execute (from `Makefile', line 15):
	$(CC) $(FLAGS) -c $< -o $@
	

# Not a target:
src/ft_split.c:
#  Implicit rule search has been done.
#  Last modified 2022-08-04 23:01:00
#  File has been updated.
#  Successfully updated.
# variable set hash-table stats:
# Load=0/32=0%, Rehash=0, Collisions=0/0=0%

objs/actions1.o: src/actions1.c | objs
#  Implicit rule search has been done.
#  Implicit/static pattern stem: `actions1'
#  Last modified 2022-08-05 15:26:58
#  File has been updated.
#  Successfully updated.
# variable set hash-table stats:
# Load=0/32=0%, Rehash=0, Collisions=0/0=0%
#  commands to execute (from `Makefile', line 15):
	$(CC) $(FLAGS) -c $< -o $@
	

objs/validation.o: src/validation.c | objs
#  Implicit rule search has been done.
#  Implicit/static pattern stem: `validation'
#  Last modified 2022-08-04 23:01:00
#  File has been updated.
#  Successfully updated.
# variable set hash-table stats:
# Load=0/32=0%, Rehash=0, Collisions=0/0=0%
#  commands to execute (from `Makefile', line 15):
	$(CC) $(FLAGS) -c $< -o $@
	

objs/ft_lstadd_front.o: src/ft_lstadd_front.c | objs
#  Implicit rule search has been done.
#  Implicit/static pattern stem: `ft_lstadd_front'
#  Last modified 2022-08-04 23:01:00
#  File has been updated.
#  Successfully updated.
# variable set hash-table stats:
# Load=0/32=0%, Rehash=0, Collisions=0/0=0%
#  commands to execute (from `Makefile', line 15):
	$(CC) $(FLAGS) -c $< -o $@
	

# Not a target:
src/utils.c:
#  Implicit rule search has been done.
#  Last modified 2022-08-04 23:01:00
#  File has been updated.
#  Successfully updated.
# variable set hash-table stats:
# Load=0/32=0%, Rehash=0, Collisions=0/0=0%

# files hash-table stats:
# Load=36/1024=4%, Rehash=0, Collisions=0/133=0%
# VPATH Search Paths

# No `vpath' search paths.

# No general (`VPATH' variable) search path.

# # of strings in strcache: 1
# # of strcache buffers: 1
# strcache size: total = 4096 / max = 4096 / min = 4096 / avg = 4096
# strcache free: total = 4087 / max = 4087 / min = 4087 / avg = 4087

# Finished Make data base on Fri Aug  5 15:29:20 2022

 
